Start testing: Mar 29 00:06 EDT
----------------------------------------------------------
1/2 Testing: unit_tests
1/2 Test: unit_tests
Command: "/usr/bin/cmake" "-DTOPLEVEL_DIR=/home/hirak/RapCompress/sailfish" "-P" "/home/hirak/RapCompress/sailfish/cmake/UnitTests.cmake"
Directory: /home/hirak/RapCompress/sailfish/build/src
"unit_tests" start time: Mar 29 00:06 EDT
Output:
----------------------------------------------------------
===============================================================================
All tests passed (4341 assertions in 5 test cases)

<end of output>
Test time =  34.19 sec
----------------------------------------------------------
Test Passed.
"unit_tests" end time: Mar 29 00:07 EDT
"unit_tests" time elapsed: 00:00:34
----------------------------------------------------------

2/2 Testing: simple_test
2/2 Test: simple_test
Command: "/usr/bin/cmake" "-DTOPLEVEL_DIR=/home/hirak/RapCompress/sailfish" "-P" "/home/hirak/RapCompress/sailfish/cmake/SimpleTest.cmake"
Directory: /home/hirak/RapCompress/sailfish/build/src
"simple_test" start time: Mar 29 00:07 EDT
Output:
----------------------------------------------------------
sample_data/
sample_data/transcripts.fasta
sample_data/reads_1.fastq
sample_data/reads_2.fastq
Version Info: Could not resolve upgrade information in the alotted time.
Check for upgrades manually at www.cs.cmu.edu/~ckingsf/sailfish.
writing log to sample_index/logs/sailfish_index.log
RapMap Indexer

[Step 1 of 4] : counting k-mers
Elapsed time: 0.000503137s

Replaced 0 non-ATCG nucleotides
Clipped poly-A tails from 0 transcripts
Building rank-select dictionary and saving to disk done
Elapsed time: 2.6051e-05s
Writing sequence data to file . . . done
Elapsed time: 5.9156e-05s
[info] Building 32-bit suffix array (length of generalized text is 28577)
Building suffix array . . . success
saving to disk . . . done
Elapsed time: 0.000133816s
done
Elapsed time: 0.0252835s
processed 0 positions
khash had 18901 keys
saving hash to disk . . . done
Elapsed time: 0.00166159s
Version Info: Could not resolve upgrade information in the alotted time.
Check for upgrades manually at www.cs.cmu.edu/~ckingsf/sailfish.
# sailfish (quasi-mapping-based) v0.9.2
# [ program ] => sailfish 
# [ command ] => quant 
# [ index ] => { sample_index }
# [ libType ] => { IU }
# [ mates1 ] => { reads_1.fastq }
# [ mates2 ] => { reads_2.fastq }
# [ output ] => { sample_quant }
Logs will be written to sample_quant/logs
[2016-03-29 00:07:34.315] [jointLog] [info] parsing read library format
there is 1 lib
Loading 32-bit quasi indexIndex contained 15 targets
Loaded targets


[2016-03-29 00:07:34.367] [jointLog] [info] Loading Quasi index
[2016-03-29 00:07:34.369] [jointLog] [info] done

[2016-03-29 00:07:34.396] [jointLog] [info] Gathered fragment lengths from all threads
[2016-03-29 00:07:34.396] [jointLog] [warning] Sailfish saw fewer then 10000 uniquely mapped reads so 200 will be used as the mean fragment length and 80 as the standard deviation for effective length correction
[2016-03-29 00:07:34.397] [jointLog] [info] Estimating effective lengths
[2016-03-29 00:07:34.367] [stderrLog] [info] Loading Suffix Array 
[2016-03-29 00:07:34.367] [stderrLog] [info] Loading Position Hash
[2016-03-29 00:07:34.367] [stderrLog] [info] Loading Transcript Info 
[2016-03-29 00:07:34.367] [stderrLog] [info] Loading Rank-Select Bit Array
[2016-03-29 00:07:34.367] [stderrLog] [info] There were 15 set bits in the bit array
[2016-03-29 00:07:34.367] [stderrLog] [info] Computing transcript lengths
[2016-03-29 00:07:34.367] [stderrLog] [info] Waiting to finish loading hash
[2016-03-29 00:07:34.369] [stderrLog] [info] Done loading index
Done Quasi-Mapping 

[2016-03-29 00:07:34.416] [jointLog] [info] Computed 21 rich equivalence classes for further processing
[2016-03-29 00:07:34.416] [jointLog] [info] Counted 10000 total reads in the equivalence classes 
[2016-03-29 00:07:34.417] [jointLog] [info] Starting optimizer:

[2016-03-29 00:07:34.418] [jointLog] [info] Optimizing over 21 equivalence classes
[2016-03-29 00:07:34.418] [jointLog] [info] iteration = 0 | max rel diff. = 14.873
[2016-03-29 00:07:34.419] [jointLog] [info] iteration = 64 | max rel diff. = 0.00117687
[2016-03-29 00:07:34.419] [jointLog] [info] Finished optimizer
[2016-03-29 00:07:34.419] [jointLog] [info] writing output 

Sailfish ran successfully
<end of output>
Test time =   0.82 sec
----------------------------------------------------------
Test Passed.
"simple_test" end time: Mar 29 00:07 EDT
"simple_test" time elapsed: 00:00:00
----------------------------------------------------------

End testing: Mar 29 00:07 EDT
